Using pre-set license

 COMMAND LINE ARGUMENTS:
/Applications/Unity/Hub/Editor/2020.3.9f1/Unity.app/Contents/MacOS/Unity
-adb2
-batchMode
-noUpm
-name
AssetImportWorker0
-projectPath
/Users/yveshuber/Desktop/Abschlussarbeit/Evelution
-logFile
Logs/AssetImportWorker0.log
-srvPort
50196
Successfully changed project path to: /Users/yveshuber/Desktop/Abschlussarbeit/Evelution
/Users/yveshuber/Desktop/Abschlussarbeit/Evelution
Using Asset Import Pipeline V2.
Refreshing native plugins compatible for Editor in 30.41 ms, found 1 plugins.
Preloading 0 native plugins for Editor in 0.00 ms.
Initialize engine version: 2020.3.9f1 (108be757e447)
[Subsystems] Discovering subsystems at path /Applications/Unity/Hub/Editor/2020.3.9f1/Unity.app/Contents/Resources/UnitySubsystems
[Subsystems] Discovering subsystems at path /Users/yveshuber/Desktop/Abschlussarbeit/Evelution/Assets
GfxDevice: creating device client; threaded=0
2021-06-08 11:00:53.434 Unity[32220:2153339] (null) preferred device: Apple M1 (high power)
2021-06-08 11:00:53.434 Unity[32220:2153339] Metal devices available: 1
2021-06-08 11:00:53.434 Unity[32220:2153339] 0: Apple M1 (high power)
2021-06-08 11:00:53.434 Unity[32220:2153339] Using device Apple M1 (high power)
Initializing Metal device caps: Apple M1
Initialize mono
Mono path[0] = '/Applications/Unity/Hub/Editor/2020.3.9f1/Unity.app/Contents/Managed'
Mono path[1] = '/Applications/Unity/Hub/Editor/2020.3.9f1/Unity.app/Contents/MonoBleedingEdge/lib/mono/unityjit'
Mono config path = '/Applications/Unity/Hub/Editor/2020.3.9f1/Unity.app/Contents/MonoBleedingEdge/etc'
Using monoOptions --debugger-agent=transport=dt_socket,embedding=1,server=y,suspend=n,address=127.0.0.1:56220
Begin MonoManager ReloadAssembly
Registering precompiled unity dll's ...
Register platform support module: /Applications/Unity/Hub/Editor/2020.3.9f1/Unity.app/Contents/PlaybackEngines/MacStandaloneSupport/UnityEditor.OSXStandalone.Extensions.dll
Register platform support module: /Applications/Unity/Hub/Editor/2020.3.9f1/PlaybackEngines/WindowsStandaloneSupport/UnityEditor.WindowsStandalone.Extensions.dll
Registered in 0.001605 seconds.
Native extension for WindowsStandalone target not found
Native extension for OSXStandalone target not found
Refreshing native plugins compatible for Editor in 27.85 ms, found 1 plugins.
Preloading 0 native plugins for Editor in 0.00 ms.
Mono: successfully reloaded assembly
- Completed reload, in  2.037 seconds
Platform modules already initialized, skipping
Registering precompiled user dll's ...
Registered in 0.000691 seconds.
Begin MonoManager ReloadAssembly
Native extension for WindowsStandalone target not found
Native extension for OSXStandalone target not found
Refreshing native plugins compatible for Editor in 0.25 ms, found 1 plugins.
Preloading 0 native plugins for Editor in 0.00 ms.
Mono: successfully reloaded assembly
- Completed reload, in  1.609 seconds
Platform modules already initialized, skipping
========================================================================
Worker process is ready to serve import requests
Launching external process: /Applications/Unity/Hub/Editor/2020.3.9f1/Unity.app/Contents/Tools/UnityShaderCompiler
Launched and connected shader compiler UnityShaderCompiler after 0.03 seconds
Refreshing native plugins compatible for Editor in 0.25 ms, found 1 plugins.
Preloading 0 native plugins for Editor in 0.00 ms.
Unloading 1146 Unused Serialized files (Serialized files now loaded: 0)
System memory in use before: 135.6 MB.
System memory in use after: 135.6 MB.

Unloading 9 unused Assets to reduce memory usage. Loaded Objects now: 1615.
Total: 1.313416 ms (FindLiveObjects: 0.127500 ms CreateObjectMapping: 0.024084 ms MarkObjects: 1.082291 ms  DeleteObjects: 0.078708 ms)

========================================================================
Received Import Request.
  path: Assets/Packages/SampleSceneAssets/TutorialInfo/Layout.wlt
  artifactKey: Guid(eabc9546105bf4accac1fd62a63e88e6) Importer(815301076,1909f56bfc062723c751e8b465ee728b)
Start importing Assets/Packages/SampleSceneAssets/TutorialInfo/Layout.wlt using Guid(eabc9546105bf4accac1fd62a63e88e6) Importer(815301076,1909f56bfc062723c751e8b465ee728b)  -> (artifact id: '9a8557fbe270e5ca28abb472cc75da6a') in 0.451932 seconds
  Import took 0.454078 seconds .

========================================================================
Received Import Request.
  Time since last request: 0.000379 seconds.
  path: Assets/Items/Wood.prefab
  artifactKey: Guid(b9aab329bf0ca234d8bbc342d4fab131) Importer(815301076,1909f56bfc062723c751e8b465ee728b)
Start importing Assets/Items/Wood.prefab using Guid(b9aab329bf0ca234d8bbc342d4fab131) Importer(815301076,1909f56bfc062723c751e8b465ee728b)  -> (artifact id: '93d8ca8411edd93d754a7605b43e53e2') in 0.599964 seconds
  Import took 0.602191 seconds .

========================================================================
Received Import Request.
  Time since last request: 0.000281 seconds.
  path: Assets/Prefabs/Player.prefab
  artifactKey: Guid(9d1c93ca39c61ff46b43d6adea283127) Importer(815301076,1909f56bfc062723c751e8b465ee728b)
Start importing Assets/Prefabs/Player.prefab using Guid(9d1c93ca39c61ff46b43d6adea283127) Importer(815301076,1909f56bfc062723c751e8b465ee728b)  -> (artifact id: '7f4363c6b8eb655a1c6dc0e236ad6ea5') in 0.138786 seconds
  Import took 0.140559 seconds .

========================================================================
Received Import Request.
  Time since last request: 0.000359 seconds.
  path: Assets/Models/logs.fbx
  artifactKey: Guid(4e06728ca99de1a42837d7b83908e43a) Importer(815301076,1909f56bfc062723c751e8b465ee728b)
Start importing Assets/Models/logs.fbx using Guid(4e06728ca99de1a42837d7b83908e43a) Importer(815301076,1909f56bfc062723c751e8b465ee728b)  -> (artifact id: '1544e6af3c43a261d2f05b266c7eb8f0') in 0.192980 seconds
  Import took 0.194469 seconds .

========================================================================
Received Import Request.
  Time since last request: 0.000226 seconds.
  path: Assets/Sprites/Close.png
  artifactKey: Guid(0c91c7b7efc53d243a6c0cdb9701a1b3) Importer(815301076,1909f56bfc062723c751e8b465ee728b)
Start importing Assets/Sprites/Close.png using Guid(0c91c7b7efc53d243a6c0cdb9701a1b3) Importer(815301076,1909f56bfc062723c751e8b465ee728b)  -> (artifact id: '9318623699a9895976654ec2a8909f7d') in 0.478427 seconds
  Import took 0.479786 seconds .

========================================================================
Received Import Request.
  Time since last request: 0.000305 seconds.
  path: Assets/Sprites/Inventoryslot.png
  artifactKey: Guid(1b62c123ae882dd45aca3361fc4bf6dc) Importer(815301076,1909f56bfc062723c751e8b465ee728b)
Start importing Assets/Sprites/Inventoryslot.png using Guid(1b62c123ae882dd45aca3361fc4bf6dc) Importer(815301076,1909f56bfc062723c751e8b465ee728b)  -> (artifact id: '587b0a2682b39ac89d71e12f05533d9c') in 0.012476 seconds
  Import took 0.014034 seconds .

========================================================================
Received Import Request.
  Time since last request: 0.000242 seconds.
  path: Assets/Sprites/Wood.png
  artifactKey: Guid(ff3d926ded2a4284aa3f318ce2c7389b) Importer(815301076,1909f56bfc062723c751e8b465ee728b)
Start importing Assets/Sprites/Wood.png using Guid(ff3d926ded2a4284aa3f318ce2c7389b) Importer(815301076,1909f56bfc062723c751e8b465ee728b)  -> (artifact id: '844c02debc57fb62675e6d74ff03188a') in 0.008284 seconds
  Import took 0.009696 seconds .

========================================================================
Received Import Request.
  Time since last request: 0.000329 seconds.
  path: Assets/Sprites/Inventorypanel.png
  artifactKey: Guid(a1b47458b6eaa5948944f15d03ca9f95) Importer(815301076,1909f56bfc062723c751e8b465ee728b)
Start importing Assets/Sprites/Inventorypanel.png using Guid(a1b47458b6eaa5948944f15d03ca9f95) Importer(815301076,1909f56bfc062723c751e8b465ee728b)  -> (artifact id: 'b534639fa0e896056a076e0cfc130caa') in 0.007710 seconds
  Import took 0.009407 seconds .

========================================================================
Received Import Request.
  Time since last request: 0.000219 seconds.
  path: Assets/Packages/SampleSceneAssets/TutorialInfo/Icons
  artifactKey: Guid(8a0c9218a650547d98138cd835033977) Importer(815301076,1909f56bfc062723c751e8b465ee728b)
Start importing Assets/Packages/SampleSceneAssets/TutorialInfo/Icons using Guid(8a0c9218a650547d98138cd835033977) Importer(815301076,1909f56bfc062723c751e8b465ee728b)  -> (artifact id: 'a2803e074f5ce9a83fefaa37cdadaccb') in 0.000641 seconds
  Import took 0.002004 seconds .

========================================================================
Received Prepare
Registering precompiled user dll's ...
Registered in 0.001275 seconds.
Begin MonoManager ReloadAssembly
Native extension for WindowsStandalone target not found
Native extension for OSXStandalone target not found
Refreshing native plugins compatible for Editor in 64.68 ms, found 1 plugins.
Preloading 0 native plugins for Editor in 0.00 ms.
Mono: successfully reloaded assembly
- Completed reload, in  2.140 seconds
Platform modules already initialized, skipping
Refreshing native plugins compatible for Editor in 0.64 ms, found 1 plugins.
Preloading 0 native plugins for Editor in 0.00 ms.
Unloading 3179 Unused Serialized files (Serialized files now loaded: 0)
System memory in use before: 257.5 MB.
System memory in use after: 249.0 MB.

Unloading 101 unused Assets to reduce memory usage. Loaded Objects now: 3592.
Total: 6.371750 ms (FindLiveObjects: 0.245041 ms CreateObjectMapping: 0.071375 ms MarkObjects: 1.362042 ms  DeleteObjects: 4.692375 ms)

AssetImportParameters requested are different than current active one (requested -> active):
  custom:srp/default-shader: 0d000000000000000000000000000000 -> 00a0da0d000000000000000000000000
========================================================================
Received Prepare
Registering precompiled user dll's ...
Registered in 0.002053 seconds.
Begin MonoManager ReloadAssembly
Native extension for WindowsStandalone target not found
Native extension for OSXStandalone target not found
Refreshing native plugins compatible for Editor in 0.90 ms, found 1 plugins.
Preloading 0 native plugins for Editor in 0.00 ms.
Mono: successfully reloaded assembly
- Completed reload, in  6.092 seconds
Platform modules already initialized, skipping
Refreshing native plugins compatible for Editor in 0.89 ms, found 1 plugins.
Preloading 0 native plugins for Editor in 0.00 ms.
Unloading 3176 Unused Serialized files (Serialized files now loaded: 0)
System memory in use before: 258.3 MB.
System memory in use after: 249.8 MB.

Unloading 110 unused Assets to reduce memory usage. Loaded Objects now: 3595.
Total: 11.517292 ms (FindLiveObjects: 0.596583 ms CreateObjectMapping: 0.115083 ms MarkObjects: 2.671833 ms  DeleteObjects: 8.131541 ms)

AssetImportParameters requested are different than current active one (requested -> active):
  custom:srp/default-shader: 0d000000000000000000000000000000 -> 00a0da0d000000000000000000000000
========================================================================
Received Prepare
Registering precompiled user dll's ...
Registered in 0.001019 seconds.
Begin MonoManager ReloadAssembly
Native extension for WindowsStandalone target not found
Native extension for OSXStandalone target not found
Refreshing native plugins compatible for Editor in 0.90 ms, found 1 plugins.
Preloading 0 native plugins for Editor in 0.00 ms.
Mono: successfully reloaded assembly
- Completed reload, in  5.428 seconds
Platform modules already initialized, skipping
Refreshing native plugins compatible for Editor in 1.00 ms, found 1 plugins.
Preloading 0 native plugins for Editor in 0.00 ms.
Unloading 3175 Unused Serialized files (Serialized files now loaded: 0)
System memory in use before: 258.4 MB.
System memory in use after: 249.8 MB.

Unloading 98 unused Assets to reduce memory usage. Loaded Objects now: 3598.
Total: 12.352834 ms (FindLiveObjects: 0.540708 ms CreateObjectMapping: 0.140375 ms MarkObjects: 2.500458 ms  DeleteObjects: 9.168208 ms)

AssetImportParameters requested are different than current active one (requested -> active):
  custom:srp/default-shader: 0d000000000000000000000000000000 -> 00a0da0d000000000000000000000000
========================================================================
Received Prepare
Registering precompiled user dll's ...
Registered in 0.001339 seconds.
Begin MonoManager ReloadAssembly
Native extension for WindowsStandalone target not found
Native extension for OSXStandalone target not found
Refreshing native plugins compatible for Editor in 0.58 ms, found 1 plugins.
Preloading 0 native plugins for Editor in 0.00 ms.
Mono: successfully reloaded assembly
- Completed reload, in  2.221 seconds
Platform modules already initialized, skipping
Refreshing native plugins compatible for Editor in 0.63 ms, found 1 plugins.
Preloading 0 native plugins for Editor in 0.00 ms.
Unloading 3175 Unused Serialized files (Serialized files now loaded: 0)
System memory in use before: 258.6 MB.
System memory in use after: 250.1 MB.

Unloading 98 unused Assets to reduce memory usage. Loaded Objects now: 3601.
Total: 7.331792 ms (FindLiveObjects: 0.281542 ms CreateObjectMapping: 0.073083 ms MarkObjects: 1.408917 ms  DeleteObjects: 5.567333 ms)

AssetImportParameters requested are different than current active one (requested -> active):
  custom:srp/default-shader: 0d000000000000000000000000000000 -> 00a0da0d000000000000000000000000
========================================================================
Received Prepare
Registering precompiled user dll's ...
Registered in 0.004650 seconds.
Begin MonoManager ReloadAssembly
Native extension for WindowsStandalone target not found
Native extension for OSXStandalone target not found
Refreshing native plugins compatible for Editor in 0.63 ms, found 1 plugins.
Preloading 0 native plugins for Editor in 0.00 ms.
Mono: successfully reloaded assembly
- Completed reload, in  2.215 seconds
Platform modules already initialized, skipping
Refreshing native plugins compatible for Editor in 0.61 ms, found 1 plugins.
Preloading 0 native plugins for Editor in 0.00 ms.
Unloading 3175 Unused Serialized files (Serialized files now loaded: 0)
System memory in use before: 258.9 MB.
System memory in use after: 250.4 MB.

Unloading 98 unused Assets to reduce memory usage. Loaded Objects now: 3604.
Total: 6.830542 ms (FindLiveObjects: 0.231042 ms CreateObjectMapping: 0.068041 ms MarkObjects: 1.305750 ms  DeleteObjects: 5.224458 ms)

AssetImportParameters requested are different than current active one (requested -> active):
  custom:srp/default-shader: 0d000000000000000000000000000000 -> 00a0da0d000000000000000000000000
========================================================================
Received Prepare
Registering precompiled user dll's ...
Registered in 0.000957 seconds.
Begin MonoManager ReloadAssembly
Native extension for WindowsStandalone target not found
Native extension for OSXStandalone target not found
Refreshing native plugins compatible for Editor in 0.55 ms, found 1 plugins.
Preloading 0 native plugins for Editor in 0.00 ms.
Mono: successfully reloaded assembly
- Completed reload, in  1.994 seconds
Platform modules already initialized, skipping
Refreshing native plugins compatible for Editor in 0.61 ms, found 1 plugins.
Preloading 0 native plugins for Editor in 0.00 ms.
Unloading 3175 Unused Serialized files (Serialized files now loaded: 0)
System memory in use before: 259.2 MB.
System memory in use after: 250.6 MB.

Unloading 98 unused Assets to reduce memory usage. Loaded Objects now: 3607.
Total: 7.340375 ms (FindLiveObjects: 0.304750 ms CreateObjectMapping: 0.077375 ms MarkObjects: 1.368750 ms  DeleteObjects: 5.588584 ms)

AssetImportParameters requested are different than current active one (requested -> active):
  custom:srp/default-shader: 0d000000000000000000000000000000 -> 00a0da0d000000000000000000000000
========================================================================
Received Prepare
Registering precompiled user dll's ...
Registered in 0.000831 seconds.
Begin MonoManager ReloadAssembly
Native extension for WindowsStandalone target not found
Native extension for OSXStandalone target not found
Refreshing native plugins compatible for Editor in 0.56 ms, found 1 plugins.
Preloading 0 native plugins for Editor in 0.00 ms.
Mono: successfully reloaded assembly
- Completed reload, in  1.990 seconds
Platform modules already initialized, skipping
Refreshing native plugins compatible for Editor in 0.60 ms, found 1 plugins.
Preloading 0 native plugins for Editor in 0.00 ms.
Unloading 3175 Unused Serialized files (Serialized files now loaded: 0)
System memory in use before: 259.4 MB.
System memory in use after: 250.8 MB.

Unloading 98 unused Assets to reduce memory usage. Loaded Objects now: 3610.
Total: 7.593167 ms (FindLiveObjects: 0.270667 ms CreateObjectMapping: 0.070791 ms MarkObjects: 1.311667 ms  DeleteObjects: 5.939042 ms)

AssetImportParameters requested are different than current active one (requested -> active):
  custom:srp/default-shader: 0d000000000000000000000000000000 -> 00a0da0d000000000000000000000000
========================================================================
Received Prepare
Registering precompiled user dll's ...
Registered in 0.003554 seconds.
Begin MonoManager ReloadAssembly
Native extension for WindowsStandalone target not found
Native extension for OSXStandalone target not found
Refreshing native plugins compatible for Editor in 0.53 ms, found 1 plugins.
Preloading 0 native plugins for Editor in 0.00 ms.
Mono: successfully reloaded assembly
- Completed reload, in  1.965 seconds
Platform modules already initialized, skipping
Refreshing native plugins compatible for Editor in 0.51 ms, found 1 plugins.
Preloading 0 native plugins for Editor in 0.00 ms.
Unloading 3175 Unused Serialized files (Serialized files now loaded: 0)
System memory in use before: 259.7 MB.
System memory in use after: 251.1 MB.

Unloading 98 unused Assets to reduce memory usage. Loaded Objects now: 3613.
Total: 7.271708 ms (FindLiveObjects: 0.197500 ms CreateObjectMapping: 0.065834 ms MarkObjects: 1.274583 ms  DeleteObjects: 5.732875 ms)

AssetImportParameters requested are different than current active one (requested -> active):
  custom:srp/default-shader: 0d000000000000000000000000000000 -> 00a0da0d000000000000000000000000
