Using pre-set license

 COMMAND LINE ARGUMENTS:
/Applications/Unity/Hub/Editor/2020.3.9f1/Unity.app/Contents/MacOS/Unity
-adb2
-batchMode
-noUpm
-name
AssetImportWorker0
-projectPath
/Users/yveshuber/Desktop/Abschlussarbeit/Evelution
-logFile
Logs/AssetImportWorker0.log
-srvPort
50981
Successfully changed project path to: /Users/yveshuber/Desktop/Abschlussarbeit/Evelution
/Users/yveshuber/Desktop/Abschlussarbeit/Evelution
Using Asset Import Pipeline V2.
Refreshing native plugins compatible for Editor in 69.03 ms, found 1 plugins.
Preloading 0 native plugins for Editor in 0.00 ms.
Initialize engine version: 2020.3.9f1 (108be757e447)
[Subsystems] Discovering subsystems at path /Applications/Unity/Hub/Editor/2020.3.9f1/Unity.app/Contents/Resources/UnitySubsystems
[Subsystems] Discovering subsystems at path /Users/yveshuber/Desktop/Abschlussarbeit/Evelution/Assets
GfxDevice: creating device client; threaded=0
2021-06-08 11:30:43.794 Unity[33914:2181119] (null) preferred device: Apple M1 (high power)
2021-06-08 11:30:43.794 Unity[33914:2181119] Metal devices available: 1
2021-06-08 11:30:43.794 Unity[33914:2181119] 0: Apple M1 (high power)
2021-06-08 11:30:43.795 Unity[33914:2181119] Using device Apple M1 (high power)
Initializing Metal device caps: Apple M1
Initialize mono
Mono path[0] = '/Applications/Unity/Hub/Editor/2020.3.9f1/Unity.app/Contents/Managed'
Mono path[1] = '/Applications/Unity/Hub/Editor/2020.3.9f1/Unity.app/Contents/MonoBleedingEdge/lib/mono/unityjit'
Mono config path = '/Applications/Unity/Hub/Editor/2020.3.9f1/Unity.app/Contents/MonoBleedingEdge/etc'
Using monoOptions --debugger-agent=transport=dt_socket,embedding=1,server=y,suspend=n,address=127.0.0.1:56914
Begin MonoManager ReloadAssembly
Registering precompiled unity dll's ...
Register platform support module: /Applications/Unity/Hub/Editor/2020.3.9f1/Unity.app/Contents/PlaybackEngines/MacStandaloneSupport/UnityEditor.OSXStandalone.Extensions.dll
Register platform support module: /Applications/Unity/Hub/Editor/2020.3.9f1/PlaybackEngines/WindowsStandaloneSupport/UnityEditor.WindowsStandalone.Extensions.dll
Registered in 0.001472 seconds.
Native extension for WindowsStandalone target not found
Native extension for OSXStandalone target not found
Refreshing native plugins compatible for Editor in 63.45 ms, found 1 plugins.
Preloading 0 native plugins for Editor in 0.00 ms.
Mono: successfully reloaded assembly
- Completed reload, in  2.147 seconds
Platform modules already initialized, skipping
Registering precompiled user dll's ...
Registered in 0.001638 seconds.
Begin MonoManager ReloadAssembly
Native extension for WindowsStandalone target not found
Native extension for OSXStandalone target not found
Refreshing native plugins compatible for Editor in 69.92 ms, found 1 plugins.
Preloading 0 native plugins for Editor in 0.00 ms.
Mono: successfully reloaded assembly
- Completed reload, in  2.346 seconds
Platform modules already initialized, skipping
========================================================================
Worker process is ready to serve import requests
Launching external process: /Applications/Unity/Hub/Editor/2020.3.9f1/Unity.app/Contents/Tools/UnityShaderCompiler
Launched and connected shader compiler UnityShaderCompiler after 0.03 seconds
Refreshing native plugins compatible for Editor in 0.54 ms, found 1 plugins.
Preloading 0 native plugins for Editor in 0.00 ms.
Unloading 3372 Unused Serialized files (Serialized files now loaded: 0)
System memory in use before: 284.3 MB.
System memory in use after: 284.5 MB.

Unloading 11 unused Assets to reduce memory usage. Loaded Objects now: 3855.
Total: 1.933500 ms (FindLiveObjects: 0.322583 ms CreateObjectMapping: 0.074959 ms MarkObjects: 1.446042 ms  DeleteObjects: 0.088958 ms)

========================================================================
Received Import Request.
  path: Assets/Items/Helmet of stamina god pls help.asset
  artifactKey: Guid(b767f3acf55c041959eac35ab4406382) Importer(815301076,1909f56bfc062723c751e8b465ee728b)
Start importing Assets/Items/Helmet of stamina god pls help.asset using Guid(b767f3acf55c041959eac35ab4406382) Importer(815301076,1909f56bfc062723c751e8b465ee728b)  -> (artifact id: '8b73fb80da703220570323ebad4bc3a7') in 0.523941 seconds
  Import took 0.528901 seconds .

========================================================================
Received Import Request.
  Time since last request: 9.333519 seconds.
  path: Assets/Items/Alex.asset
  artifactKey: Guid(57f4642cf03224427866303e59f5ac64) Importer(815301076,1909f56bfc062723c751e8b465ee728b)
Start importing Assets/Items/Alex.asset using Guid(57f4642cf03224427866303e59f5ac64) Importer(815301076,1909f56bfc062723c751e8b465ee728b)  -> (artifact id: '9746d0f0d8ecf327ab1cf1a646f03f3e') in 0.003961 seconds
  Import took 0.008611 seconds .

========================================================================
Received Import Request.
  Time since last request: 0.010514 seconds.
  path: Assets/Items/Alex.asset
  artifactKey: Guid(57f4642cf03224427866303e59f5ac64) Importer(815301076,1909f56bfc062723c751e8b465ee728b)
Start importing Assets/Items/Alex.asset using Guid(57f4642cf03224427866303e59f5ac64) Importer(815301076,1909f56bfc062723c751e8b465ee728b)  -> (artifact id: '9746d0f0d8ecf327ab1cf1a646f03f3e') in 0.002469 seconds
  Import took 0.007706 seconds .

========================================================================
Received Prepare
Registering precompiled user dll's ...
Registered in 0.001562 seconds.
Begin MonoManager ReloadAssembly
Native extension for WindowsStandalone target not found
Native extension for OSXStandalone target not found
Refreshing native plugins compatible for Editor in 0.98 ms, found 1 plugins.
Preloading 0 native plugins for Editor in 0.00 ms.
Mono: successfully reloaded assembly
- Completed reload, in  2.135 seconds
Platform modules already initialized, skipping
Refreshing native plugins compatible for Editor in 0.56 ms, found 1 plugins.
Preloading 0 native plugins for Editor in 0.00 ms.
Unloading 3084 Unused Serialized files (Serialized files now loaded: 0)
System memory in use before: 273.6 MB.
System memory in use after: 273.8 MB.

Unloading 7 unused Assets to reduce memory usage. Loaded Objects now: 3858.
Total: 1.767959 ms (FindLiveObjects: 0.231834 ms CreateObjectMapping: 0.075250 ms MarkObjects: 1.386250 ms  DeleteObjects: 0.073834 ms)

========================================================================
Received Prepare
Registering precompiled user dll's ...
Registered in 0.001750 seconds.
Begin MonoManager ReloadAssembly
Native extension for WindowsStandalone target not found
Native extension for OSXStandalone target not found
Refreshing native plugins compatible for Editor in 0.91 ms, found 1 plugins.
Preloading 0 native plugins for Editor in 0.00 ms.
Mono: successfully reloaded assembly
- Completed reload, in  2.296 seconds
Platform modules already initialized, skipping
Refreshing native plugins compatible for Editor in 0.54 ms, found 1 plugins.
Preloading 0 native plugins for Editor in 0.00 ms.
Unloading 3084 Unused Serialized files (Serialized files now loaded: 0)
System memory in use before: 274.0 MB.
System memory in use after: 274.2 MB.

Unloading 7 unused Assets to reduce memory usage. Loaded Objects now: 3861.
Total: 1.728208 ms (FindLiveObjects: 0.232417 ms CreateObjectMapping: 0.074875 ms MarkObjects: 1.346583 ms  DeleteObjects: 0.073500 ms)

========================================================================
Received Prepare
Registering precompiled user dll's ...
Registered in 0.002289 seconds.
Begin MonoManager ReloadAssembly
Native extension for WindowsStandalone target not found
Native extension for OSXStandalone target not found
Refreshing native plugins compatible for Editor in 0.60 ms, found 1 plugins.
Preloading 0 native plugins for Editor in 0.00 ms.
Mono: successfully reloaded assembly
- Completed reload, in  2.130 seconds
Platform modules already initialized, skipping
Refreshing native plugins compatible for Editor in 0.52 ms, found 1 plugins.
Preloading 0 native plugins for Editor in 0.00 ms.
Unloading 3084 Unused Serialized files (Serialized files now loaded: 0)
System memory in use before: 275.0 MB.
System memory in use after: 275.2 MB.

Unloading 7 unused Assets to reduce memory usage. Loaded Objects now: 3864.
Total: 1.709458 ms (FindLiveObjects: 0.214833 ms CreateObjectMapping: 0.073375 ms MarkObjects: 1.344458 ms  DeleteObjects: 0.075958 ms)

========================================================================
Received Prepare
Registering precompiled user dll's ...
Registered in 0.001776 seconds.
Begin MonoManager ReloadAssembly
Native extension for WindowsStandalone target not found
Native extension for OSXStandalone target not found
Refreshing native plugins compatible for Editor in 0.56 ms, found 1 plugins.
Preloading 0 native plugins for Editor in 0.00 ms.
Mono: successfully reloaded assembly
- Completed reload, in  2.595 seconds
Platform modules already initialized, skipping
Refreshing native plugins compatible for Editor in 0.56 ms, found 1 plugins.
Preloading 0 native plugins for Editor in 0.00 ms.
Unloading 3084 Unused Serialized files (Serialized files now loaded: 0)
System memory in use before: 277.3 MB.
System memory in use after: 277.5 MB.

Unloading 7 unused Assets to reduce memory usage. Loaded Objects now: 3867.
Total: 2.012000 ms (FindLiveObjects: 0.305209 ms CreateObjectMapping: 0.080875 ms MarkObjects: 1.533209 ms  DeleteObjects: 0.091792 ms)

========================================================================
Received Prepare
Registering precompiled user dll's ...
Registered in 0.001149 seconds.
Begin MonoManager ReloadAssembly
Native extension for WindowsStandalone target not found
Native extension for OSXStandalone target not found
Refreshing native plugins compatible for Editor in 0.70 ms, found 1 plugins.
Preloading 0 native plugins for Editor in 0.00 ms.
Mono: successfully reloaded assembly
- Completed reload, in  2.353 seconds
Platform modules already initialized, skipping
Refreshing native plugins compatible for Editor in 0.53 ms, found 1 plugins.
Preloading 0 native plugins for Editor in 0.00 ms.
Unloading 3084 Unused Serialized files (Serialized files now loaded: 0)
System memory in use before: 277.8 MB.
System memory in use after: 278.0 MB.

Unloading 7 unused Assets to reduce memory usage. Loaded Objects now: 3870.
Total: 2.042667 ms (FindLiveObjects: 0.343167 ms CreateObjectMapping: 0.080166 ms MarkObjects: 1.524792 ms  DeleteObjects: 0.093500 ms)

========================================================================
Received Prepare
Registering precompiled user dll's ...
Registered in 0.005725 seconds.
Begin MonoManager ReloadAssembly
Native extension for WindowsStandalone target not found
Native extension for OSXStandalone target not found
Refreshing native plugins compatible for Editor in 0.96 ms, found 1 plugins.
Preloading 0 native plugins for Editor in 0.00 ms.
Mono: successfully reloaded assembly
- Completed reload, in  2.835 seconds
Platform modules already initialized, skipping
Refreshing native plugins compatible for Editor in 0.54 ms, found 1 plugins.
Preloading 0 native plugins for Editor in 0.00 ms.
Unloading 3084 Unused Serialized files (Serialized files now loaded: 0)
System memory in use before: 278.2 MB.
System memory in use after: 278.4 MB.

Unloading 7 unused Assets to reduce memory usage. Loaded Objects now: 3873.
Total: 1.869584 ms (FindLiveObjects: 0.258959 ms CreateObjectMapping: 0.096625 ms MarkObjects: 1.434000 ms  DeleteObjects: 0.079000 ms)

========================================================================
Received Prepare
Registering precompiled user dll's ...
Registered in 0.002830 seconds.
Begin MonoManager ReloadAssembly
Native extension for WindowsStandalone target not found
Native extension for OSXStandalone target not found
Refreshing native plugins compatible for Editor in 0.58 ms, found 1 plugins.
Preloading 0 native plugins for Editor in 0.00 ms.
Mono: successfully reloaded assembly
- Completed reload, in  2.544 seconds
Platform modules already initialized, skipping
Refreshing native plugins compatible for Editor in 0.57 ms, found 1 plugins.
Preloading 0 native plugins for Editor in 0.00 ms.
Unloading 3084 Unused Serialized files (Serialized files now loaded: 0)
System memory in use before: 278.6 MB.
System memory in use after: 278.8 MB.

Unloading 7 unused Assets to reduce memory usage. Loaded Objects now: 3876.
Total: 1.878792 ms (FindLiveObjects: 0.276708 ms CreateObjectMapping: 0.080292 ms MarkObjects: 1.437291 ms  DeleteObjects: 0.083583 ms)

========================================================================
Received Prepare
Registering precompiled user dll's ...
Registered in 0.001644 seconds.
Begin MonoManager ReloadAssembly
Native extension for WindowsStandalone target not found
Native extension for OSXStandalone target not found
Refreshing native plugins compatible for Editor in 0.62 ms, found 1 plugins.
Preloading 0 native plugins for Editor in 0.00 ms.
Mono: successfully reloaded assembly
- Completed reload, in  2.500 seconds
Platform modules already initialized, skipping
Refreshing native plugins compatible for Editor in 0.56 ms, found 1 plugins.
Preloading 0 native plugins for Editor in 0.00 ms.
Unloading 3084 Unused Serialized files (Serialized files now loaded: 0)
System memory in use before: 279.0 MB.
System memory in use after: 279.2 MB.

Unloading 7 unused Assets to reduce memory usage. Loaded Objects now: 3879.
Total: 2.707250 ms (FindLiveObjects: 0.366417 ms CreateObjectMapping: 0.098916 ms MarkObjects: 2.146584 ms  DeleteObjects: 0.094084 ms)

========================================================================
Received Prepare
Registering precompiled user dll's ...
Registered in 0.001910 seconds.
Begin MonoManager ReloadAssembly
Native extension for WindowsStandalone target not found
Native extension for OSXStandalone target not found
Refreshing native plugins compatible for Editor in 2.02 ms, found 1 plugins.
Preloading 0 native plugins for Editor in 0.00 ms.
Mono: successfully reloaded assembly
- Completed reload, in  3.837 seconds
Platform modules already initialized, skipping
Refreshing native plugins compatible for Editor in 0.72 ms, found 1 plugins.
Preloading 0 native plugins for Editor in 0.00 ms.
Unloading 3084 Unused Serialized files (Serialized files now loaded: 0)
System memory in use before: 279.5 MB.
System memory in use after: 279.7 MB.

Unloading 7 unused Assets to reduce memory usage. Loaded Objects now: 3882.
Total: 6.546959 ms (FindLiveObjects: 0.331209 ms CreateObjectMapping: 0.091291 ms MarkObjects: 6.024292 ms  DeleteObjects: 0.098792 ms)

========================================================================
Received Prepare
Registering precompiled user dll's ...
Registered in 0.000925 seconds.
Begin MonoManager ReloadAssembly
Native extension for WindowsStandalone target not found
Native extension for OSXStandalone target not found
Refreshing native plugins compatible for Editor in 0.55 ms, found 1 plugins.
Preloading 0 native plugins for Editor in 0.00 ms.
Mono: successfully reloaded assembly
- Completed reload, in  2.406 seconds
Platform modules already initialized, skipping
Refreshing native plugins compatible for Editor in 0.64 ms, found 1 plugins.
Preloading 0 native plugins for Editor in 0.00 ms.
Unloading 3084 Unused Serialized files (Serialized files now loaded: 0)
System memory in use before: 279.9 MB.
System memory in use after: 280.1 MB.

Unloading 7 unused Assets to reduce memory usage. Loaded Objects now: 3885.
Total: 1.920083 ms (FindLiveObjects: 0.298417 ms CreateObjectMapping: 0.079250 ms MarkObjects: 1.451542 ms  DeleteObjects: 0.089792 ms)

========================================================================
Received Prepare
Registering precompiled user dll's ...
Registered in 0.001520 seconds.
Begin MonoManager ReloadAssembly
Native extension for WindowsStandalone target not found
Native extension for OSXStandalone target not found
Refreshing native plugins compatible for Editor in 0.57 ms, found 1 plugins.
Preloading 0 native plugins for Editor in 0.00 ms.
Mono: successfully reloaded assembly
- Completed reload, in  2.179 seconds
Platform modules already initialized, skipping
Refreshing native plugins compatible for Editor in 0.59 ms, found 1 plugins.
Preloading 0 native plugins for Editor in 0.00 ms.
Unloading 3084 Unused Serialized files (Serialized files now loaded: 0)
System memory in use before: 280.4 MB.
System memory in use after: 280.5 MB.

Unloading 7 unused Assets to reduce memory usage. Loaded Objects now: 3888.
Total: 1.950416 ms (FindLiveObjects: 0.270541 ms CreateObjectMapping: 0.081333 ms MarkObjects: 1.502417 ms  DeleteObjects: 0.094833 ms)

========================================================================
Received Prepare
Registering precompiled user dll's ...
Registered in 0.001951 seconds.
Begin MonoManager ReloadAssembly
Native extension for WindowsStandalone target not found
Native extension for OSXStandalone target not found
Refreshing native plugins compatible for Editor in 0.64 ms, found 1 plugins.
Preloading 0 native plugins for Editor in 0.00 ms.
Mono: successfully reloaded assembly
- Completed reload, in  2.209 seconds
Platform modules already initialized, skipping
Refreshing native plugins compatible for Editor in 0.59 ms, found 1 plugins.
Preloading 0 native plugins for Editor in 0.00 ms.
Unloading 3084 Unused Serialized files (Serialized files now loaded: 0)
System memory in use before: 280.8 MB.
System memory in use after: 280.9 MB.

Unloading 7 unused Assets to reduce memory usage. Loaded Objects now: 3891.
Total: 2.842667 ms (FindLiveObjects: 0.305417 ms CreateObjectMapping: 0.092875 ms MarkObjects: 2.189959 ms  DeleteObjects: 0.253083 ms)

========================================================================
Received Import Request.
  Time since last request: 7129.026551 seconds.
  path: Assets/Items/Alex.asset
  artifactKey: Guid(57f4642cf03224427866303e59f5ac64) Importer(815301076,1909f56bfc062723c751e8b465ee728b)
Start importing Assets/Items/Alex.asset using Guid(57f4642cf03224427866303e59f5ac64) Importer(815301076,1909f56bfc062723c751e8b465ee728b)  -> (artifact id: '11257155429f4295fe0f0a730686a1be') in 0.034076 seconds
  Import took 0.041462 seconds .

========================================================================
Received Import Request.
  Time since last request: 0.000209 seconds.
  path: Assets/Items/Wood.asset
  artifactKey: Guid(5892fce6ef9f647438aeda519de802d5) Importer(815301076,1909f56bfc062723c751e8b465ee728b)
Start importing Assets/Items/Wood.asset using Guid(5892fce6ef9f647438aeda519de802d5) Importer(815301076,1909f56bfc062723c751e8b465ee728b)  -> (artifact id: 'a2d810c348fd12ba590ba58f0187d389') in 0.003025 seconds
  Import took 0.007685 seconds .

========================================================================
Received Prepare
Registering precompiled user dll's ...
Registered in 0.000918 seconds.
Begin MonoManager ReloadAssembly
Native extension for WindowsStandalone target not found
Native extension for OSXStandalone target not found
Refreshing native plugins compatible for Editor in 0.65 ms, found 1 plugins.
Preloading 0 native plugins for Editor in 0.00 ms.
Mono: successfully reloaded assembly
- Completed reload, in  2.308 seconds
Platform modules already initialized, skipping
Refreshing native plugins compatible for Editor in 0.63 ms, found 1 plugins.
Preloading 0 native plugins for Editor in 0.00 ms.
Unloading 3084 Unused Serialized files (Serialized files now loaded: 0)
System memory in use before: 281.2 MB.
System memory in use after: 281.4 MB.

Unloading 8 unused Assets to reduce memory usage. Loaded Objects now: 3894.
Total: 2.126084 ms (FindLiveObjects: 0.330417 ms CreateObjectMapping: 0.081625 ms MarkObjects: 1.586416 ms  DeleteObjects: 0.126875 ms)

========================================================================
Received Prepare
Registering precompiled user dll's ...
Registered in 0.000902 seconds.
Begin MonoManager ReloadAssembly
Native extension for WindowsStandalone target not found
Native extension for OSXStandalone target not found
Refreshing native plugins compatible for Editor in 0.62 ms, found 1 plugins.
Preloading 0 native plugins for Editor in 0.00 ms.
Mono: successfully reloaded assembly
- Completed reload, in  2.319 seconds
Platform modules already initialized, skipping
Refreshing native plugins compatible for Editor in 0.59 ms, found 1 plugins.
Preloading 0 native plugins for Editor in 0.00 ms.
Unloading 3084 Unused Serialized files (Serialized files now loaded: 0)
System memory in use before: 281.7 MB.
System memory in use after: 281.8 MB.

Unloading 7 unused Assets to reduce memory usage. Loaded Objects now: 3897.
Total: 1.977292 ms (FindLiveObjects: 0.289458 ms CreateObjectMapping: 0.081125 ms MarkObjects: 1.517333 ms  DeleteObjects: 0.088459 ms)

========================================================================
Received Prepare
Registering precompiled user dll's ...
Registered in 0.001110 seconds.
Begin MonoManager ReloadAssembly
Native extension for WindowsStandalone target not found
Native extension for OSXStandalone target not found
Refreshing native plugins compatible for Editor in 0.63 ms, found 1 plugins.
Preloading 0 native plugins for Editor in 0.00 ms.
Mono: successfully reloaded assembly
- Completed reload, in  2.243 seconds
Platform modules already initialized, skipping
Refreshing native plugins compatible for Editor in 0.58 ms, found 1 plugins.
Preloading 0 native plugins for Editor in 0.00 ms.
Unloading 3084 Unused Serialized files (Serialized files now loaded: 0)
System memory in use before: 282.1 MB.
System memory in use after: 282.2 MB.

Unloading 7 unused Assets to reduce memory usage. Loaded Objects now: 3900.
Total: 1.965875 ms (FindLiveObjects: 0.286167 ms CreateObjectMapping: 0.080500 ms MarkObjects: 1.510375 ms  DeleteObjects: 0.088125 ms)

========================================================================
Received Prepare
Registering precompiled user dll's ...
Registered in 0.000918 seconds.
Begin MonoManager ReloadAssembly
Native extension for WindowsStandalone target not found
Native extension for OSXStandalone target not found
Refreshing native plugins compatible for Editor in 0.65 ms, found 1 plugins.
Preloading 0 native plugins for Editor in 0.00 ms.
Mono: successfully reloaded assembly
- Completed reload, in  2.225 seconds
Platform modules already initialized, skipping
Refreshing native plugins compatible for Editor in 0.73 ms, found 1 plugins.
Preloading 0 native plugins for Editor in 0.00 ms.
Unloading 3084 Unused Serialized files (Serialized files now loaded: 0)
System memory in use before: 282.5 MB.
System memory in use after: 282.7 MB.

Unloading 7 unused Assets to reduce memory usage. Loaded Objects now: 3903.
Total: 2.022417 ms (FindLiveObjects: 0.341458 ms CreateObjectMapping: 0.082583 ms MarkObjects: 1.510875 ms  DeleteObjects: 0.086125 ms)

========================================================================
Received Prepare
Registering precompiled user dll's ...
Registered in 0.000964 seconds.
Begin MonoManager ReloadAssembly
Native extension for WindowsStandalone target not found
Native extension for OSXStandalone target not found
Refreshing native plugins compatible for Editor in 0.60 ms, found 1 plugins.
Preloading 0 native plugins for Editor in 0.00 ms.
Mono: successfully reloaded assembly
- Completed reload, in  2.624 seconds
Platform modules already initialized, skipping
Refreshing native plugins compatible for Editor in 0.65 ms, found 1 plugins.
Preloading 0 native plugins for Editor in 0.00 ms.
Unloading 3084 Unused Serialized files (Serialized files now loaded: 0)
System memory in use before: 282.9 MB.
System memory in use after: 283.1 MB.

Unloading 7 unused Assets to reduce memory usage. Loaded Objects now: 3906.
Total: 2.041709 ms (FindLiveObjects: 0.264625 ms CreateObjectMapping: 0.078875 ms MarkObjects: 1.608250 ms  DeleteObjects: 0.088750 ms)

========================================================================
Received Prepare
Registering precompiled user dll's ...
Registered in 0.000922 seconds.
Begin MonoManager ReloadAssembly
Native extension for WindowsStandalone target not found
Native extension for OSXStandalone target not found
Refreshing native plugins compatible for Editor in 0.51 ms, found 1 plugins.
Preloading 0 native plugins for Editor in 0.00 ms.
Mono: successfully reloaded assembly
- Completed reload, in  2.374 seconds
Platform modules already initialized, skipping
Refreshing native plugins compatible for Editor in 0.54 ms, found 1 plugins.
Preloading 0 native plugins for Editor in 0.00 ms.
Unloading 3084 Unused Serialized files (Serialized files now loaded: 0)
System memory in use before: 283.3 MB.
System memory in use after: 283.5 MB.

Unloading 7 unused Assets to reduce memory usage. Loaded Objects now: 3909.
Total: 1.960041 ms (FindLiveObjects: 0.261041 ms CreateObjectMapping: 0.081167 ms MarkObjects: 1.522584 ms  DeleteObjects: 0.094333 ms)

========================================================================
Received Prepare
Registering precompiled user dll's ...
Registered in 0.000782 seconds.
Begin MonoManager ReloadAssembly
Native extension for WindowsStandalone target not found
Native extension for OSXStandalone target not found
Refreshing native plugins compatible for Editor in 0.59 ms, found 1 plugins.
Preloading 0 native plugins for Editor in 0.00 ms.
Mono: successfully reloaded assembly
- Completed reload, in  2.261 seconds
Platform modules already initialized, skipping
Refreshing native plugins compatible for Editor in 0.87 ms, found 1 plugins.
Preloading 0 native plugins for Editor in 0.00 ms.
Unloading 3084 Unused Serialized files (Serialized files now loaded: 0)
System memory in use before: 283.7 MB.
System memory in use after: 283.9 MB.

Unloading 7 unused Assets to reduce memory usage. Loaded Objects now: 3912.
Total: 2.686417 ms (FindLiveObjects: 0.342792 ms CreateObjectMapping: 0.078708 ms MarkObjects: 2.153584 ms  DeleteObjects: 0.110208 ms)

========================================================================
Received Prepare
Registering precompiled user dll's ...
Registered in 0.001621 seconds.
Begin MonoManager ReloadAssembly
Native extension for WindowsStandalone target not found
Native extension for OSXStandalone target not found
Refreshing native plugins compatible for Editor in 0.58 ms, found 1 plugins.
Preloading 0 native plugins for Editor in 0.00 ms.
Mono: successfully reloaded assembly
- Completed reload, in  2.177 seconds
Platform modules already initialized, skipping
Refreshing native plugins compatible for Editor in 0.57 ms, found 1 plugins.
Preloading 0 native plugins for Editor in 0.00 ms.
Unloading 3084 Unused Serialized files (Serialized files now loaded: 0)
System memory in use before: 284.1 MB.
System memory in use after: 284.3 MB.

Unloading 7 unused Assets to reduce memory usage. Loaded Objects now: 3915.
Total: 1.982125 ms (FindLiveObjects: 0.303708 ms CreateObjectMapping: 0.082875 ms MarkObjects: 1.508000 ms  DeleteObjects: 0.086375 ms)

========================================================================
Received Prepare
Registering precompiled user dll's ...
Registered in 0.001827 seconds.
Begin MonoManager ReloadAssembly
Native extension for WindowsStandalone target not found
Native extension for OSXStandalone target not found
Refreshing native plugins compatible for Editor in 0.52 ms, found 1 plugins.
Preloading 0 native plugins for Editor in 0.00 ms.
Mono: successfully reloaded assembly
- Completed reload, in  2.271 seconds
Platform modules already initialized, skipping
Refreshing native plugins compatible for Editor in 0.64 ms, found 1 plugins.
Preloading 0 native plugins for Editor in 0.00 ms.
Unloading 3084 Unused Serialized files (Serialized files now loaded: 0)
System memory in use before: 284.6 MB.
System memory in use after: 284.8 MB.

Unloading 7 unused Assets to reduce memory usage. Loaded Objects now: 3918.
Total: 2.150208 ms (FindLiveObjects: 0.311375 ms CreateObjectMapping: 0.086208 ms MarkObjects: 1.662625 ms  DeleteObjects: 0.088750 ms)

========================================================================
Received Prepare
Registering precompiled user dll's ...
Registered in 0.000932 seconds.
Begin MonoManager ReloadAssembly
Native extension for WindowsStandalone target not found
Native extension for OSXStandalone target not found
Refreshing native plugins compatible for Editor in 0.55 ms, found 1 plugins.
Preloading 0 native plugins for Editor in 0.00 ms.
Mono: successfully reloaded assembly
- Completed reload, in  2.144 seconds
Platform modules already initialized, skipping
Refreshing native plugins compatible for Editor in 0.59 ms, found 1 plugins.
Preloading 0 native plugins for Editor in 0.00 ms.
Unloading 3084 Unused Serialized files (Serialized files now loaded: 0)
System memory in use before: 285.0 MB.
System memory in use after: 285.2 MB.

Unloading 7 unused Assets to reduce memory usage. Loaded Objects now: 3921.
Total: 1.903500 ms (FindLiveObjects: 0.260833 ms CreateObjectMapping: 0.080958 ms MarkObjects: 1.467334 ms  DeleteObjects: 0.093583 ms)

========================================================================
Received Prepare
Registering precompiled user dll's ...
Registered in 0.001144 seconds.
Begin MonoManager ReloadAssembly
Native extension for WindowsStandalone target not found
Native extension for OSXStandalone target not found
Refreshing native plugins compatible for Editor in 0.58 ms, found 1 plugins.
Preloading 0 native plugins for Editor in 0.00 ms.
Mono: successfully reloaded assembly
- Completed reload, in  2.338 seconds
Platform modules already initialized, skipping
Refreshing native plugins compatible for Editor in 0.54 ms, found 1 plugins.
Preloading 0 native plugins for Editor in 0.00 ms.
Unloading 3084 Unused Serialized files (Serialized files now loaded: 0)
System memory in use before: 285.4 MB.
System memory in use after: 285.6 MB.

Unloading 7 unused Assets to reduce memory usage. Loaded Objects now: 3924.
Total: 1.967875 ms (FindLiveObjects: 0.308875 ms CreateObjectMapping: 0.081333 ms MarkObjects: 1.493000 ms  DeleteObjects: 0.083792 ms)

========================================================================
Received Prepare
Registering precompiled user dll's ...
Registered in 0.001620 seconds.
Begin MonoManager ReloadAssembly
Native extension for WindowsStandalone target not found
Native extension for OSXStandalone target not found
Refreshing native plugins compatible for Editor in 0.52 ms, found 1 plugins.
Preloading 0 native plugins for Editor in 0.00 ms.
Mono: successfully reloaded assembly
- Completed reload, in  2.198 seconds
Platform modules already initialized, skipping
Refreshing native plugins compatible for Editor in 0.52 ms, found 1 plugins.
Preloading 0 native plugins for Editor in 0.00 ms.
Unloading 3084 Unused Serialized files (Serialized files now loaded: 0)
System memory in use before: 285.8 MB.
System memory in use after: 286.0 MB.

Unloading 7 unused Assets to reduce memory usage. Loaded Objects now: 3927.
Total: 1.985500 ms (FindLiveObjects: 0.235791 ms CreateObjectMapping: 0.075000 ms MarkObjects: 1.577208 ms  DeleteObjects: 0.096250 ms)

========================================================================
Received Prepare
Registering precompiled user dll's ...
Registered in 0.000936 seconds.
Begin MonoManager ReloadAssembly
Native extension for WindowsStandalone target not found
Native extension for OSXStandalone target not found
Refreshing native plugins compatible for Editor in 0.60 ms, found 1 plugins.
Preloading 0 native plugins for Editor in 0.00 ms.
Mono: successfully reloaded assembly
- Completed reload, in  2.272 seconds
Platform modules already initialized, skipping
Refreshing native plugins compatible for Editor in 0.57 ms, found 1 plugins.
Preloading 0 native plugins for Editor in 0.00 ms.
Unloading 3084 Unused Serialized files (Serialized files now loaded: 0)
System memory in use before: 286.2 MB.
System memory in use after: 286.4 MB.

Unloading 7 unused Assets to reduce memory usage. Loaded Objects now: 3930.
Total: 1.951583 ms (FindLiveObjects: 0.305125 ms CreateObjectMapping: 0.082500 ms MarkObjects: 1.475542 ms  DeleteObjects: 0.087250 ms)

========================================================================
Received Prepare
Registering precompiled user dll's ...
Registered in 0.000903 seconds.
Begin MonoManager ReloadAssembly
Native extension for WindowsStandalone target not found
Native extension for OSXStandalone target not found
Refreshing native plugins compatible for Editor in 0.53 ms, found 1 plugins.
Preloading 0 native plugins for Editor in 0.00 ms.
Mono: successfully reloaded assembly
- Completed reload, in  2.283 seconds
Platform modules already initialized, skipping
Refreshing native plugins compatible for Editor in 1.12 ms, found 1 plugins.
Preloading 0 native plugins for Editor in 0.00 ms.
Unloading 3084 Unused Serialized files (Serialized files now loaded: 0)
System memory in use before: 286.6 MB.
System memory in use after: 286.8 MB.

Unloading 7 unused Assets to reduce memory usage. Loaded Objects now: 3933.
Total: 3.227375 ms (FindLiveObjects: 0.498667 ms CreateObjectMapping: 0.081000 ms MarkObjects: 2.533416 ms  DeleteObjects: 0.112500 ms)

========================================================================
Received Prepare
Registering precompiled user dll's ...
Registered in 0.000909 seconds.
Begin MonoManager ReloadAssembly
Native extension for WindowsStandalone target not found
Native extension for OSXStandalone target not found
Refreshing native plugins compatible for Editor in 0.58 ms, found 1 plugins.
Preloading 0 native plugins for Editor in 0.00 ms.
Mono: successfully reloaded assembly
- Completed reload, in  2.257 seconds
Platform modules already initialized, skipping
Refreshing native plugins compatible for Editor in 0.59 ms, found 1 plugins.
Preloading 0 native plugins for Editor in 0.00 ms.
Unloading 3084 Unused Serialized files (Serialized files now loaded: 0)
System memory in use before: 287.1 MB.
System memory in use after: 287.3 MB.

Unloading 7 unused Assets to reduce memory usage. Loaded Objects now: 3936.
Total: 2.027375 ms (FindLiveObjects: 0.303792 ms CreateObjectMapping: 0.085375 ms MarkObjects: 1.541542 ms  DeleteObjects: 0.095666 ms)

========================================================================
Received Prepare
Registering precompiled user dll's ...
Registered in 0.001029 seconds.
Begin MonoManager ReloadAssembly
Native extension for WindowsStandalone target not found
Native extension for OSXStandalone target not found
Refreshing native plugins compatible for Editor in 0.53 ms, found 1 plugins.
Preloading 0 native plugins for Editor in 0.00 ms.
Mono: successfully reloaded assembly
- Completed reload, in  2.192 seconds
Platform modules already initialized, skipping
Refreshing native plugins compatible for Editor in 0.62 ms, found 1 plugins.
Preloading 0 native plugins for Editor in 0.00 ms.
Unloading 3084 Unused Serialized files (Serialized files now loaded: 0)
System memory in use before: 287.5 MB.
System memory in use after: 287.7 MB.

Unloading 7 unused Assets to reduce memory usage. Loaded Objects now: 3939.
Total: 2.215125 ms (FindLiveObjects: 0.398625 ms CreateObjectMapping: 0.079667 ms MarkObjects: 1.641083 ms  DeleteObjects: 0.094583 ms)

========================================================================
Received Prepare
Registering precompiled user dll's ...
Registered in 0.001628 seconds.
Begin MonoManager ReloadAssembly
Native extension for WindowsStandalone target not found
Native extension for OSXStandalone target not found
Refreshing native plugins compatible for Editor in 2.25 ms, found 1 plugins.
Preloading 0 native plugins for Editor in 0.00 ms.
Mono: successfully reloaded assembly
- Completed reload, in  2.287 seconds
Platform modules already initialized, skipping
Refreshing native plugins compatible for Editor in 0.60 ms, found 1 plugins.
Preloading 0 native plugins for Editor in 0.00 ms.
Unloading 3084 Unused Serialized files (Serialized files now loaded: 0)
System memory in use before: 287.9 MB.
System memory in use after: 288.1 MB.

Unloading 7 unused Assets to reduce memory usage. Loaded Objects now: 3942.
Total: 2.075500 ms (FindLiveObjects: 0.355084 ms CreateObjectMapping: 0.080875 ms MarkObjects: 1.544500 ms  DeleteObjects: 0.093917 ms)

========================================================================
Received Prepare
Registering precompiled user dll's ...
Registered in 0.001109 seconds.
Begin MonoManager ReloadAssembly
Native extension for WindowsStandalone target not found
Native extension for OSXStandalone target not found
Refreshing native plugins compatible for Editor in 0.58 ms, found 1 plugins.
Preloading 0 native plugins for Editor in 0.00 ms.
Mono: successfully reloaded assembly
- Completed reload, in  2.269 seconds
Platform modules already initialized, skipping
Refreshing native plugins compatible for Editor in 0.64 ms, found 1 plugins.
Preloading 0 native plugins for Editor in 0.00 ms.
Unloading 3084 Unused Serialized files (Serialized files now loaded: 0)
System memory in use before: 288.3 MB.
System memory in use after: 288.5 MB.

Unloading 7 unused Assets to reduce memory usage. Loaded Objects now: 3945.
Total: 2.151500 ms (FindLiveObjects: 0.327708 ms CreateObjectMapping: 0.081833 ms MarkObjects: 1.647292 ms  DeleteObjects: 0.093750 ms)

========================================================================
Received Import Request.
  Time since last request: 3494.482171 seconds.
  path: Assets/Prefabs/Player.prefab
  artifactKey: Guid(9d1c93ca39c61ff46b43d6adea283127) Importer(815301076,1909f56bfc062723c751e8b465ee728b)
Start importing Assets/Prefabs/Player.prefab using Guid(9d1c93ca39c61ff46b43d6adea283127) Importer(815301076,1909f56bfc062723c751e8b465ee728b) Launching external process: /Applications/Unity/Hub/Editor/2020.3.9f1/Unity.app/Contents/Tools/UnityShaderCompiler
Launched and connected shader compiler UnityShaderCompiler after 0.03 seconds
Launching external process: /Applications/Unity/Hub/Editor/2020.3.9f1/Unity.app/Contents/Tools/UnityShaderCompiler
Launched and connected shader compiler UnityShaderCompiler after 0.02 seconds
Launching external process: /Applications/Unity/Hub/Editor/2020.3.9f1/Unity.app/Contents/Tools/UnityShaderCompiler
Launched and connected shader compiler UnityShaderCompiler after 0.03 seconds
Launching external process: /Applications/Unity/Hub/Editor/2020.3.9f1/Unity.app/Contents/Tools/UnityShaderCompiler
Launched and connected shader compiler UnityShaderCompiler after 0.03 seconds
Launching external process: /Applications/Unity/Hub/Editor/2020.3.9f1/Unity.app/Contents/Tools/UnityShaderCompiler
Launched and connected shader compiler UnityShaderCompiler after 0.02 seconds
Launching external process: /Applications/Unity/Hub/Editor/2020.3.9f1/Unity.app/Contents/Tools/UnityShaderCompiler
Launched and connected shader compiler UnityShaderCompiler after 0.03 seconds
Launching external process: /Applications/Unity/Hub/Editor/2020.3.9f1/Unity.app/Contents/Tools/UnityShaderCompiler
Launched and connected shader compiler UnityShaderCompiler after 0.02 seconds
 -> (artifact id: 'f39348a4508b4393312ab78e2dbcf129') in 2.325428 seconds
  Import took 2.332799 seconds .

========================================================================
Received Import Request.
  Time since last request: 15.024969 seconds.
  path: Assets/Prefabs/Player.prefab
  artifactKey: Guid(9d1c93ca39c61ff46b43d6adea283127) Importer(815301076,1909f56bfc062723c751e8b465ee728b)
Start importing Assets/Prefabs/Player.prefab using Guid(9d1c93ca39c61ff46b43d6adea283127) Importer(815301076,1909f56bfc062723c751e8b465ee728b)  -> (artifact id: 'bc93f5e26a612d24a11512219b15385c') in 0.086161 seconds
  Import took 0.091946 seconds .

========================================================================
Received Import Request.
  Time since last request: 21.125649 seconds.
  path: Assets/Prefabs/Player.prefab
  artifactKey: Guid(9d1c93ca39c61ff46b43d6adea283127) Importer(815301076,1909f56bfc062723c751e8b465ee728b)
Start importing Assets/Prefabs/Player.prefab using Guid(9d1c93ca39c61ff46b43d6adea283127) Importer(815301076,1909f56bfc062723c751e8b465ee728b)  -> (artifact id: '8c7fe52a9ad33ecebf93192b7a6a19ec') in 0.053615 seconds
  Import took 0.059177 seconds .

========================================================================
Received Import Request.
  Time since last request: 0.945381 seconds.
  path: Assets/Prefabs/Player.prefab
  artifactKey: Guid(9d1c93ca39c61ff46b43d6adea283127) Importer(815301076,1909f56bfc062723c751e8b465ee728b)
Start importing Assets/Prefabs/Player.prefab using Guid(9d1c93ca39c61ff46b43d6adea283127) Importer(815301076,1909f56bfc062723c751e8b465ee728b)  -> (artifact id: '40145ba0cf5559e975b9f72599cb9463') in 0.030134 seconds
  Import took 0.035170 seconds .

========================================================================
Received Import Request.
  Time since last request: 2.828770 seconds.
  path: Assets/Prefabs/Player.prefab
  artifactKey: Guid(9d1c93ca39c61ff46b43d6adea283127) Importer(815301076,1909f56bfc062723c751e8b465ee728b)
Start importing Assets/Prefabs/Player.prefab using Guid(9d1c93ca39c61ff46b43d6adea283127) Importer(815301076,1909f56bfc062723c751e8b465ee728b)  -> (artifact id: 'e174b9e98557c20ec9e67891ffefd7e5') in 0.042196 seconds
  Import took 0.047918 seconds .

========================================================================
Received Import Request.
  Time since last request: 2.193977 seconds.
  path: Assets/Prefabs/Player.prefab
  artifactKey: Guid(9d1c93ca39c61ff46b43d6adea283127) Importer(815301076,1909f56bfc062723c751e8b465ee728b)
Start importing Assets/Prefabs/Player.prefab using Guid(9d1c93ca39c61ff46b43d6adea283127) Importer(815301076,1909f56bfc062723c751e8b465ee728b)  -> (artifact id: '875f56c7ea98b2626cfdc037e81d5340') in 0.043230 seconds
  Import took 0.049533 seconds .

========================================================================
Received Import Request.
  Time since last request: 1.806052 seconds.
  path: Assets/Prefabs/Player.prefab
  artifactKey: Guid(9d1c93ca39c61ff46b43d6adea283127) Importer(815301076,1909f56bfc062723c751e8b465ee728b)
Start importing Assets/Prefabs/Player.prefab using Guid(9d1c93ca39c61ff46b43d6adea283127) Importer(815301076,1909f56bfc062723c751e8b465ee728b)  -> (artifact id: '82bf9c3e9b23e3170cbcafbcbc4b3961') in 0.042095 seconds
  Import took 0.047518 seconds .

========================================================================
Received Import Request.
  Time since last request: 2.184828 seconds.
  path: Assets/Prefabs/Player.prefab
  artifactKey: Guid(9d1c93ca39c61ff46b43d6adea283127) Importer(815301076,1909f56bfc062723c751e8b465ee728b)
Start importing Assets/Prefabs/Player.prefab using Guid(9d1c93ca39c61ff46b43d6adea283127) Importer(815301076,1909f56bfc062723c751e8b465ee728b)  -> (artifact id: 'd8ee9b2628e1e91daa8c5cc70c219375') in 0.043624 seconds
  Import took 0.049097 seconds .

========================================================================
Received Import Request.
  Time since last request: 3.613322 seconds.
  path: Assets/Prefabs/Player.prefab
  artifactKey: Guid(9d1c93ca39c61ff46b43d6adea283127) Importer(815301076,1909f56bfc062723c751e8b465ee728b)
Start importing Assets/Prefabs/Player.prefab using Guid(9d1c93ca39c61ff46b43d6adea283127) Importer(815301076,1909f56bfc062723c751e8b465ee728b)  -> (artifact id: 'a57acd9afc57e3e520014e9c1bcbd699') in 0.046309 seconds
  Import took 0.051806 seconds .

========================================================================
Received Import Request.
  Time since last request: 1.175438 seconds.
  path: Assets/Prefabs/Player.prefab
  artifactKey: Guid(9d1c93ca39c61ff46b43d6adea283127) Importer(815301076,1909f56bfc062723c751e8b465ee728b)
Start importing Assets/Prefabs/Player.prefab using Guid(9d1c93ca39c61ff46b43d6adea283127) Importer(815301076,1909f56bfc062723c751e8b465ee728b)  -> (artifact id: '0ea2e13774c3f42daf069dac88b2a6fb') in 0.031945 seconds
  Import took 0.037546 seconds .

========================================================================
Received Import Request.
  Time since last request: 2.601521 seconds.
  path: Assets/Prefabs/Player.prefab
  artifactKey: Guid(9d1c93ca39c61ff46b43d6adea283127) Importer(815301076,1909f56bfc062723c751e8b465ee728b)
Start importing Assets/Prefabs/Player.prefab using Guid(9d1c93ca39c61ff46b43d6adea283127) Importer(815301076,1909f56bfc062723c751e8b465ee728b)  -> (artifact id: 'b1174fd5371790029fb74e2346403ab3') in 0.046531 seconds
  Import took 0.052358 seconds .

========================================================================
Received Import Request.
  Time since last request: 2.602261 seconds.
  path: Assets/Prefabs/Player.prefab
  artifactKey: Guid(9d1c93ca39c61ff46b43d6adea283127) Importer(815301076,1909f56bfc062723c751e8b465ee728b)
Start importing Assets/Prefabs/Player.prefab using Guid(9d1c93ca39c61ff46b43d6adea283127) Importer(815301076,1909f56bfc062723c751e8b465ee728b)  -> (artifact id: '06701cb4cd22bbcb27c66e8524de0d98') in 0.045660 seconds
  Import took 0.051328 seconds .

========================================================================
Received Import Request.
  Time since last request: 6.642817 seconds.
  path: Assets/Prefabs/Player.prefab
  artifactKey: Guid(9d1c93ca39c61ff46b43d6adea283127) Importer(815301076,1909f56bfc062723c751e8b465ee728b)
Start importing Assets/Prefabs/Player.prefab using Guid(9d1c93ca39c61ff46b43d6adea283127) Importer(815301076,1909f56bfc062723c751e8b465ee728b)  -> (artifact id: 'df5c3887eaf153707a078a52f49d7dda') in 0.038400 seconds
  Import took 0.043805 seconds .

========================================================================
Received Import Request.
  Time since last request: 5.945508 seconds.
  path: Assets/Prefabs/Player.prefab
  artifactKey: Guid(9d1c93ca39c61ff46b43d6adea283127) Importer(815301076,1909f56bfc062723c751e8b465ee728b)
Start importing Assets/Prefabs/Player.prefab using Guid(9d1c93ca39c61ff46b43d6adea283127) Importer(815301076,1909f56bfc062723c751e8b465ee728b)  -> (artifact id: '9982249ba85fd427f6ee45c9559bc280') in 0.041626 seconds
  Import took 0.047399 seconds .

========================================================================
Received Import Request.
  Time since last request: 3.182773 seconds.
  path: Assets/Prefabs/Player.prefab
  artifactKey: Guid(9d1c93ca39c61ff46b43d6adea283127) Importer(815301076,1909f56bfc062723c751e8b465ee728b)
Start importing Assets/Prefabs/Player.prefab using Guid(9d1c93ca39c61ff46b43d6adea283127) Importer(815301076,1909f56bfc062723c751e8b465ee728b)  -> (artifact id: '819ff745bb9cb1b092aab0ad01ca6e06') in 0.039953 seconds
  Import took 0.045176 seconds .

========================================================================
Received Import Request.
  Time since last request: 0.971132 seconds.
  path: Assets/Prefabs/Player.prefab
  artifactKey: Guid(9d1c93ca39c61ff46b43d6adea283127) Importer(815301076,1909f56bfc062723c751e8b465ee728b)
Start importing Assets/Prefabs/Player.prefab using Guid(9d1c93ca39c61ff46b43d6adea283127) Importer(815301076,1909f56bfc062723c751e8b465ee728b)  -> (artifact id: 'fb952ff160e26f1643a3dd44bf70a4a0') in 0.036200 seconds
  Import took 0.042700 seconds .

========================================================================
Received Import Request.
  Time since last request: 2.654153 seconds.
  path: Assets/Prefabs/Player.prefab
  artifactKey: Guid(9d1c93ca39c61ff46b43d6adea283127) Importer(815301076,1909f56bfc062723c751e8b465ee728b)
Start importing Assets/Prefabs/Player.prefab using Guid(9d1c93ca39c61ff46b43d6adea283127) Importer(815301076,1909f56bfc062723c751e8b465ee728b)  -> (artifact id: 'e1d4d2666fb0d44bb9bdf9b5b8094917') in 0.051885 seconds
  Import took 0.057465 seconds .

========================================================================
Received Import Request.
  Time since last request: 3.612162 seconds.
  path: Assets/Prefabs/Player.prefab
  artifactKey: Guid(9d1c93ca39c61ff46b43d6adea283127) Importer(815301076,1909f56bfc062723c751e8b465ee728b)
Start importing Assets/Prefabs/Player.prefab using Guid(9d1c93ca39c61ff46b43d6adea283127) Importer(815301076,1909f56bfc062723c751e8b465ee728b)  -> (artifact id: 'faa5dec287e18093608f1d8fdaafed54') in 0.048110 seconds
  Import took 0.054074 seconds .

========================================================================
Received Import Request.
  Time since last request: 4.007180 seconds.
  path: Assets/Prefabs/Player.prefab
  artifactKey: Guid(9d1c93ca39c61ff46b43d6adea283127) Importer(815301076,1909f56bfc062723c751e8b465ee728b)
Start importing Assets/Prefabs/Player.prefab using Guid(9d1c93ca39c61ff46b43d6adea283127) Importer(815301076,1909f56bfc062723c751e8b465ee728b)  -> (artifact id: '346d566c43e4c622b16638ea41aa0053') in 0.046879 seconds
  Import took 0.052635 seconds .

========================================================================
Received Import Request.
  Time since last request: 3.613636 seconds.
  path: Assets/Prefabs/Player.prefab
  artifactKey: Guid(9d1c93ca39c61ff46b43d6adea283127) Importer(815301076,1909f56bfc062723c751e8b465ee728b)
Start importing Assets/Prefabs/Player.prefab using Guid(9d1c93ca39c61ff46b43d6adea283127) Importer(815301076,1909f56bfc062723c751e8b465ee728b)  -> (artifact id: '07b72e5b63816af6d85f547fa70fbe24') in 0.038604 seconds
  Import took 0.044225 seconds .

========================================================================
Received Import Request.
  Time since last request: 15.279108 seconds.
  path: Assets/Prefabs/Player.prefab
  artifactKey: Guid(9d1c93ca39c61ff46b43d6adea283127) Importer(815301076,1909f56bfc062723c751e8b465ee728b)
Start importing Assets/Prefabs/Player.prefab using Guid(9d1c93ca39c61ff46b43d6adea283127) Importer(815301076,1909f56bfc062723c751e8b465ee728b)  -> (artifact id: 'd2a862a749e7ecedeced99325f8e8baa') in 0.080546 seconds
  Import took 0.086431 seconds .

========================================================================
Received Import Request.
  Time since last request: 0.001420 seconds.
  path: Assets/Prefabs/Player.prefab
  artifactKey: Guid(9d1c93ca39c61ff46b43d6adea283127) Importer(815301076,1909f56bfc062723c751e8b465ee728b)
Start importing Assets/Prefabs/Player.prefab using Guid(9d1c93ca39c61ff46b43d6adea283127) Importer(815301076,1909f56bfc062723c751e8b465ee728b)  -> (artifact id: 'd2a862a749e7ecedeced99325f8e8baa') in 0.034648 seconds
  Import took 0.040406 seconds .

========================================================================
Received Import Request.
  Time since last request: 153.321779 seconds.
  path: Assets/Prefabs/Player.prefab
  artifactKey: Guid(9d1c93ca39c61ff46b43d6adea283127) Importer(815301076,1909f56bfc062723c751e8b465ee728b)
Start importing Assets/Prefabs/Player.prefab using Guid(9d1c93ca39c61ff46b43d6adea283127) Importer(815301076,1909f56bfc062723c751e8b465ee728b)  -> (artifact id: 'b45bc5cf7a759280c8c29e65eb0a4bb7') in 0.045918 seconds
  Import took 0.051202 seconds .

========================================================================
Received Import Request.
  Time since last request: 8.212539 seconds.
  path: Assets/Prefabs/Player.prefab
  artifactKey: Guid(9d1c93ca39c61ff46b43d6adea283127) Importer(815301076,1909f56bfc062723c751e8b465ee728b)
Start importing Assets/Prefabs/Player.prefab using Guid(9d1c93ca39c61ff46b43d6adea283127) Importer(815301076,1909f56bfc062723c751e8b465ee728b)  -> (artifact id: '5632c599163952f8d6726181db978f59') in 0.039262 seconds
  Import took 0.044504 seconds .

========================================================================
Received Import Request.
  Time since last request: 5.104233 seconds.
  path: Assets/Prefabs/Player.prefab
  artifactKey: Guid(9d1c93ca39c61ff46b43d6adea283127) Importer(815301076,1909f56bfc062723c751e8b465ee728b)
Start importing Assets/Prefabs/Player.prefab using Guid(9d1c93ca39c61ff46b43d6adea283127) Importer(815301076,1909f56bfc062723c751e8b465ee728b)  -> (artifact id: 'a9987e3313d839972fd2b8a7aa500529') in 0.045260 seconds
  Import took 0.051360 seconds .

========================================================================
Received Import Request.
  Time since last request: 0.345350 seconds.
  path: Assets/Prefabs/Player.prefab
  artifactKey: Guid(9d1c93ca39c61ff46b43d6adea283127) Importer(815301076,1909f56bfc062723c751e8b465ee728b)
Start importing Assets/Prefabs/Player.prefab using Guid(9d1c93ca39c61ff46b43d6adea283127) Importer(815301076,1909f56bfc062723c751e8b465ee728b)  -> (artifact id: '5c87dd1ca42e7e30035dacd106cd4ffe') in 0.033929 seconds
  Import took 0.039821 seconds .

========================================================================
Received Import Request.
  Time since last request: 0.363616 seconds.
  path: Assets/Prefabs/Player.prefab
  artifactKey: Guid(9d1c93ca39c61ff46b43d6adea283127) Importer(815301076,1909f56bfc062723c751e8b465ee728b)
Start importing Assets/Prefabs/Player.prefab using Guid(9d1c93ca39c61ff46b43d6adea283127) Importer(815301076,1909f56bfc062723c751e8b465ee728b)  -> (artifact id: 'edb3b02dbe44190d1b0c26505b3dac18') in 0.034637 seconds
  Import took 0.040308 seconds .

========================================================================
Received Import Request.
  Time since last request: 2.640207 seconds.
  path: Assets/Prefabs/Player.prefab
  artifactKey: Guid(9d1c93ca39c61ff46b43d6adea283127) Importer(815301076,1909f56bfc062723c751e8b465ee728b)
Start importing Assets/Prefabs/Player.prefab using Guid(9d1c93ca39c61ff46b43d6adea283127) Importer(815301076,1909f56bfc062723c751e8b465ee728b)  -> (artifact id: '36e3816c4e5f7dbb73af68c4ccb7e517') in 0.042375 seconds
  Import took 0.048050 seconds .

========================================================================
Received Import Request.
  Time since last request: 1.169072 seconds.
  path: Assets/Prefabs/Player.prefab
  artifactKey: Guid(9d1c93ca39c61ff46b43d6adea283127) Importer(815301076,1909f56bfc062723c751e8b465ee728b)
Start importing Assets/Prefabs/Player.prefab using Guid(9d1c93ca39c61ff46b43d6adea283127) Importer(815301076,1909f56bfc062723c751e8b465ee728b)  -> (artifact id: '29cf817459177b04998b1260894154e1') in 0.043638 seconds
  Import took 0.049282 seconds .

========================================================================
Received Import Request.
  Time since last request: 6.171423 seconds.
  path: Assets/Prefabs/Player.prefab
  artifactKey: Guid(9d1c93ca39c61ff46b43d6adea283127) Importer(815301076,1909f56bfc062723c751e8b465ee728b)
Start importing Assets/Prefabs/Player.prefab using Guid(9d1c93ca39c61ff46b43d6adea283127) Importer(815301076,1909f56bfc062723c751e8b465ee728b)  -> (artifact id: '7262654c80d4f78ad64e0d431c464979') in 0.050734 seconds
  Import took 0.057066 seconds .

========================================================================
Received Import Request.
  Time since last request: 2.389965 seconds.
  path: Assets/Prefabs/Player.prefab
  artifactKey: Guid(9d1c93ca39c61ff46b43d6adea283127) Importer(815301076,1909f56bfc062723c751e8b465ee728b)
Start importing Assets/Prefabs/Player.prefab using Guid(9d1c93ca39c61ff46b43d6adea283127) Importer(815301076,1909f56bfc062723c751e8b465ee728b)  -> (artifact id: '223e6aaa793e7ea37db73e6e91c85551') in 0.074937 seconds
  Import took 0.080783 seconds .

========================================================================
Received Import Request.
  Time since last request: 3.973997 seconds.
  path: Assets/Prefabs/Player.prefab
  artifactKey: Guid(9d1c93ca39c61ff46b43d6adea283127) Importer(815301076,1909f56bfc062723c751e8b465ee728b)
Start importing Assets/Prefabs/Player.prefab using Guid(9d1c93ca39c61ff46b43d6adea283127) Importer(815301076,1909f56bfc062723c751e8b465ee728b)  -> (artifact id: '11b6dfa56e499ddbbc9b6813de7cb080') in 0.040447 seconds
  Import took 0.046152 seconds .

========================================================================
Received Import Request.
  Time since last request: 1.651507 seconds.
  path: Assets/Prefabs/Player.prefab
  artifactKey: Guid(9d1c93ca39c61ff46b43d6adea283127) Importer(815301076,1909f56bfc062723c751e8b465ee728b)
Start importing Assets/Prefabs/Player.prefab using Guid(9d1c93ca39c61ff46b43d6adea283127) Importer(815301076,1909f56bfc062723c751e8b465ee728b)  -> (artifact id: '3fe21e969bfa04fc749bfc41380ed3ed') in 0.044258 seconds
  Import took 0.050242 seconds .

========================================================================
Received Import Request.
  Time since last request: 7.118019 seconds.
  path: Assets/Prefabs/Player.prefab
  artifactKey: Guid(9d1c93ca39c61ff46b43d6adea283127) Importer(815301076,1909f56bfc062723c751e8b465ee728b)
Start importing Assets/Prefabs/Player.prefab using Guid(9d1c93ca39c61ff46b43d6adea283127) Importer(815301076,1909f56bfc062723c751e8b465ee728b)  -> (artifact id: 'd29a528cc2f7043e79afca0c84fb3e5e') in 0.042256 seconds
  Import took 0.047799 seconds .

========================================================================
Received Import Request.
  Time since last request: 2.742293 seconds.
  path: Assets/Prefabs/Player.prefab
  artifactKey: Guid(9d1c93ca39c61ff46b43d6adea283127) Importer(815301076,1909f56bfc062723c751e8b465ee728b)
Start importing Assets/Prefabs/Player.prefab using Guid(9d1c93ca39c61ff46b43d6adea283127) Importer(815301076,1909f56bfc062723c751e8b465ee728b)  -> (artifact id: '92068ed4d2af7c86582bde2cda68dad0') in 0.044953 seconds
  Import took 0.051308 seconds .

========================================================================
Received Import Request.
  Time since last request: 1.497048 seconds.
  path: Assets/Prefabs/Player.prefab
  artifactKey: Guid(9d1c93ca39c61ff46b43d6adea283127) Importer(815301076,1909f56bfc062723c751e8b465ee728b)
Start importing Assets/Prefabs/Player.prefab using Guid(9d1c93ca39c61ff46b43d6adea283127) Importer(815301076,1909f56bfc062723c751e8b465ee728b)  -> (artifact id: '4305030ab7aa3b5ee551f1ad3c26211f') in 0.049844 seconds
  Import took 0.056431 seconds .

========================================================================
Received Import Request.
  Time since last request: 2.414209 seconds.
  path: Assets/Prefabs/Player.prefab
  artifactKey: Guid(9d1c93ca39c61ff46b43d6adea283127) Importer(815301076,1909f56bfc062723c751e8b465ee728b)
Start importing Assets/Prefabs/Player.prefab using Guid(9d1c93ca39c61ff46b43d6adea283127) Importer(815301076,1909f56bfc062723c751e8b465ee728b)  -> (artifact id: '3d6ba0ee58487beb3867faa669f69748') in 0.045986 seconds
  Import took 0.053223 seconds .

========================================================================
Received Import Request.
  Time since last request: 2.582418 seconds.
  path: Assets/Prefabs/Player.prefab
  artifactKey: Guid(9d1c93ca39c61ff46b43d6adea283127) Importer(815301076,1909f56bfc062723c751e8b465ee728b)
Start importing Assets/Prefabs/Player.prefab using Guid(9d1c93ca39c61ff46b43d6adea283127) Importer(815301076,1909f56bfc062723c751e8b465ee728b)  -> (artifact id: '4f3d79648eaf25748022ef6e51a0a3a0') in 0.047480 seconds
  Import took 0.054134 seconds .

========================================================================
Received Import Request.
  Time since last request: 1.606854 seconds.
  path: Assets/Prefabs/Player.prefab
  artifactKey: Guid(9d1c93ca39c61ff46b43d6adea283127) Importer(815301076,1909f56bfc062723c751e8b465ee728b)
Start importing Assets/Prefabs/Player.prefab using Guid(9d1c93ca39c61ff46b43d6adea283127) Importer(815301076,1909f56bfc062723c751e8b465ee728b)  -> (artifact id: 'd0051bcef26581982d5e3c70734b90ef') in 0.046893 seconds
  Import took 0.052711 seconds .

========================================================================
Received Import Request.
  Time since last request: 10.180821 seconds.
  path: Assets/Prefabs/Player.prefab
  artifactKey: Guid(9d1c93ca39c61ff46b43d6adea283127) Importer(815301076,1909f56bfc062723c751e8b465ee728b)
Start importing Assets/Prefabs/Player.prefab using Guid(9d1c93ca39c61ff46b43d6adea283127) Importer(815301076,1909f56bfc062723c751e8b465ee728b)  -> (artifact id: '7d9605aefa7bfe5233b02dd2d7af6a95') in 0.041030 seconds
  Import took 0.046449 seconds .

========================================================================
Received Prepare
Registering precompiled user dll's ...
Registered in 0.000900 seconds.
Begin MonoManager ReloadAssembly
Native extension for WindowsStandalone target not found
Native extension for OSXStandalone target not found
Refreshing native plugins compatible for Editor in 0.70 ms, found 1 plugins.
Preloading 0 native plugins for Editor in 0.00 ms.
Mono: successfully reloaded assembly
- Completed reload, in  2.737 seconds
Platform modules already initialized, skipping
Refreshing native plugins compatible for Editor in 0.64 ms, found 1 plugins.
Preloading 0 native plugins for Editor in 0.00 ms.
Unloading 3096 Unused Serialized files (Serialized files now loaded: 0)
System memory in use before: 314.8 MB.
System memory in use after: 315.0 MB.

Unloading 9 unused Assets to reduce memory usage. Loaded Objects now: 4082.
Total: 2.137792 ms (FindLiveObjects: 0.350584 ms CreateObjectMapping: 0.081959 ms MarkObjects: 1.607209 ms  DeleteObjects: 0.097041 ms)

========================================================================
Received Prepare
Registering precompiled user dll's ...
Registered in 0.000921 seconds.
Begin MonoManager ReloadAssembly
Native extension for WindowsStandalone target not found
Native extension for OSXStandalone target not found
Refreshing native plugins compatible for Editor in 0.60 ms, found 1 plugins.
Preloading 0 native plugins for Editor in 0.00 ms.
Mono: successfully reloaded assembly
- Completed reload, in  2.326 seconds
Platform modules already initialized, skipping
Refreshing native plugins compatible for Editor in 0.54 ms, found 1 plugins.
Preloading 0 native plugins for Editor in 0.00 ms.
Unloading 3084 Unused Serialized files (Serialized files now loaded: 0)
System memory in use before: 314.5 MB.
System memory in use after: 314.7 MB.

Unloading 7 unused Assets to reduce memory usage. Loaded Objects now: 4085.
Total: 2.272459 ms (FindLiveObjects: 0.337708 ms CreateObjectMapping: 0.079958 ms MarkObjects: 1.749000 ms  DeleteObjects: 0.104709 ms)

========================================================================
Received Prepare
Registering precompiled user dll's ...
Registered in 0.002221 seconds.
Begin MonoManager ReloadAssembly
Native extension for WindowsStandalone target not found
Native extension for OSXStandalone target not found
Refreshing native plugins compatible for Editor in 0.55 ms, found 1 plugins.
Preloading 0 native plugins for Editor in 0.00 ms.
Mono: successfully reloaded assembly
- Completed reload, in  2.243 seconds
Platform modules already initialized, skipping
Refreshing native plugins compatible for Editor in 0.50 ms, found 1 plugins.
Preloading 0 native plugins for Editor in 0.00 ms.
Unloading 3084 Unused Serialized files (Serialized files now loaded: 0)
System memory in use before: 315.0 MB.
System memory in use after: 315.1 MB.

Unloading 7 unused Assets to reduce memory usage. Loaded Objects now: 4088.
Total: 1.848584 ms (FindLiveObjects: 0.185958 ms CreateObjectMapping: 0.073459 ms MarkObjects: 1.491041 ms  DeleteObjects: 0.097209 ms)

